<?xml version="1.0" encoding="UTF-8"?>
<!-- Generated by org.testng.reporters.JUnitReportReporter -->
<testsuite hostname="DESKTOP-QJEFFSO" failures="0" tests="1" name="testng.Dragdrop" time="11.392" errors="0" timestamp="2023-12-21T12:48:49 IST" skipped="0">
  <testcase classname="testng.Dragdrop" name="drag" time="11.392"/>
  <system-out/>
</testsuite> <!-- testng.Dragdrop -->
