<?xml version="1.0" encoding="UTF-8"?>
<!-- Generated by org.testng.reporters.JUnitReportReporter -->
<testsuite hostname="DESKTOP-QJEFFSO" failures="0" tests="1" name="testng.Action" time="7.462" errors="0" timestamp="2023-12-21T11:43:57 IST" skipped="0">
  <testcase classname="testng.Action" name="test1" time="7.462"/>
  <system-out/>
</testsuite> <!-- testng.Action -->
