<?xml version="1.0" encoding="UTF-8"?>
<!-- Generated by org.testng.reporters.JUnitReportReporter -->
<testsuite hostname="DESKTOP-QJEFFSO" failures="0" tests="1" name="test.Fblogintest1" time="11.492" errors="0" timestamp="2024-01-04T20:16:10 IST" skipped="0">
  <testcase classname="test.Fblogintest1" name="login" time="11.492"/>
  <system-out/>
</testsuite> <!-- test.Fblogintest1 -->
