<?xml version="1.0" encoding="UTF-8"?>
<!-- Generated by org.testng.reporters.JUnitReportReporter -->
<testsuite hostname="DESKTOP-QJEFFSO" failures="0" tests="1" name="testng.Doubleclick" time="46.119" errors="0" timestamp="2023-12-26T19:17:42 IST" skipped="0">
  <testcase classname="testng.Doubleclick" name="guru" time="46.119"/>
  <system-out/>
</testsuite> <!-- testng.Doubleclick -->
