<?xml version="1.0" encoding="UTF-8"?>
<!-- Generated by org.testng.reporters.JUnitReportReporter -->
<testsuite hostname="DESKTOP-QJEFFSO" failures="0" tests="3" name="testng.Prioinnovaenab" time="0.021" errors="0" timestamp="2023-12-18T11:15:25 IST" skipped="1">
  <testcase classname="testng.Prioinnovaenab" name="test3" time="0.015"/>
  <system-out/>
  <testcase classname="testng.Prioinnovaenab" name="test1" time="0.006"/>
  <system-out/>
  <testcase classname="testng.Prioinnovaenab" name="test2">
    <skipped/>
  </testcase> <!-- test2 -->
  <system-out/>
</testsuite> <!-- testng.Prioinnovaenab -->
