<?xml version="1.0" encoding="UTF-8"?>
<!-- Generated by org.testng.reporters.JUnitReportReporter -->
<testsuite hostname="DESKTOP-QJEFFSO" failures="0" tests="3" name="testng.Testngpgm" time="0.025" errors="0" timestamp="2023-12-18T11:07:28 IST" skipped="0">
  <testcase classname="testng.Testngpgm" name="test1" time="0.014"/>
  <system-out/>
  <testcase classname="testng.Testngpgm" name="test3" time="0.005"/>
  <system-out/>
  <testcase classname="testng.Testngpgm" name="test2" time="0.006"/>
  <system-out/>
</testsuite> <!-- testng.Testngpgm -->
