<?xml version="1.0" encoding="UTF-8"?>
<!-- Generated by org.testng.reporters.JUnitReportReporter -->
<testsuite hostname="DESKTOP-QJEFFSO" failures="0" tests="3" name="testng.Group" time="0.019" errors="0" timestamp="2023-12-19T11:57:28 IST" skipped="0">
  <testcase classname="testng.Group" name="main2" time="0.002"/>
  <system-out/>
  <testcase classname="testng.Group" name="main1" time="0.016"/>
  <system-out/>
  <testcase classname="testng.Group" name="main4" time="0.001"/>
  <system-out/>
</testsuite> <!-- testng.Group -->
