<?xml version="1.0" encoding="UTF-8"?>
<!-- Generated by org.testng.reporters.JUnitReportReporter -->
<testsuite hostname="DESKTOP-QJEFFSO" failures="0" tests="1" name="testpkg.FBtestpkg" time="19.485" errors="0" timestamp="2024-01-05T13:14:31 IST" skipped="0">
  <testcase classname="testpkg.FBtestpkg" name="verifylogin" time="19.485"/>
  <system-out/>
</testsuite> <!-- testpkg.FBtestpkg -->
