<?xml version="1.0" encoding="UTF-8"?>
<!-- Generated by org.testng.reporters.JUnitReportReporter -->
<testsuite hostname="DESKTOP-QJEFFSO" failures="0" tests="1" name="testng.Robotclassss" time="12.066" errors="0" timestamp="2023-12-27T11:03:16 IST" skipped="0">
  <testcase classname="testng.Robotclassss" name="test1" time="12.066"/>
  <system-out/>
</testsuite> <!-- testng.Robotclassss -->
