<?xml version="1.0" encoding="UTF-8"?>
<!-- Generated by org.testng.reporters.JUnitReportReporter -->
<testsuite hostname="DESKTOP-QJEFFSO" failures="0" tests="1" name="testng.datadriventest" time="32.460" errors="0" timestamp="2023-12-30T21:15:29 IST" skipped="0">
  <testcase classname="testng.datadriventest" name="main" time="32.460"/>
  <system-out/>
</testsuite> <!-- testng.datadriventest -->
