<?xml version="1.0" encoding="UTF-8"?>
<!-- Generated by org.testng.reporters.JUnitReportReporter -->
<testsuite hostname="DESKTOP-QJEFFSO" failures="0" tests="1" name="testng.Datepickers" time="9.773" errors="0" timestamp="2024-01-03T20:29:02 IST" skipped="0">
  <testcase classname="testng.Datepickers" name="testlogin" time="9.773"/>
  <system-out/>
</testsuite> <!-- testng.Datepickers -->
