<?xml version="1.0" encoding="UTF-8"?>
<!-- Generated by org.testng.reporters.JUnitReportReporter -->
<testsuite hostname="DESKTOP-QJEFFSO" failures="0" tests="1" name="testng.Chithra_Date" time="9.731" errors="0" timestamp="2024-01-03T22:28:29 IST" skipped="0">
  <testcase classname="testng.Chithra_Date" name="testlogin" time="9.731"/>
  <system-out/>
</testsuite> <!-- testng.Chithra_Date -->
