<?xml version="1.0" encoding="UTF-8"?>
<!-- Generated by org.testng.reporters.JUnitReportReporter -->
<testsuite hostname="DESKTOP-QJEFFSO" failures="0" tests="1" name="testng.Autoitsendkeys" time="8.881" errors="0" timestamp="2023-12-28T07:20:46 IST" skipped="0">
  <testcase classname="testng.Autoitsendkeys" name="test1" time="8.881"/>
  <system-out/>
</testsuite> <!-- testng.Autoitsendkeys -->
