<?xml version="1.0" encoding="UTF-8"?>
<!-- Generated by org.testng.reporters.JUnitReportReporter -->
<testsuite hostname="DESKTOP-QJEFFSO" failures="0" tests="1" name="testng.Scrolldownpgm" time="11.359" errors="0" timestamp="2023-12-28T11:16:17 IST" skipped="0">
  <testcase classname="testng.Scrolldownpgm" name="Test1" time="11.359"/>
  <system-out/>
</testsuite> <!-- testng.Scrolldownpgm -->
