<?xml version="1.0" encoding="UTF-8"?>
<!-- Generated by org.testng.reporters.JUnitReportReporter -->
<testsuite hostname="DESKTOP-QJEFFSO" failures="0" tests="1" name="testng.Windowhandlepgn" time="15.683" errors="0" timestamp="2023-12-28T16:34:43 IST" skipped="0">
  <testcase classname="testng.Windowhandlepgn" name="test1" time="15.683"/>
  <system-out/>
</testsuite> <!-- testng.Windowhandlepgn -->
