<?xml version="1.0" encoding="UTF-8"?>
<!-- Generated by org.testng.reporters.JUnitReportReporter -->
<testsuite hostname="DESKTOP-QJEFFSO" failures="0" tests="1" name="test.Fblogintest" time="8.564" errors="0" timestamp="2024-01-09T07:13:47 IST" skipped="0">
  <testcase classname="test.Fblogintest" name="testlogin" time="8.564"/>
  <system-out/>
</testsuite> <!-- test.Fblogintest -->
