<?xml version="1.0" encoding="UTF-8"?>
<!-- Generated by org.testng.reporters.JUnitReportReporter -->
<testsuite hostname="DESKTOP-QJEFFSO" failures="0" tests="1" name="testng.Notificationpgm" time="13.062" errors="0" timestamp="2023-12-28T11:12:51 IST" skipped="0">
  <testcase classname="testng.Notificationpgm" name="url" time="13.062"/>
  <system-out/>
</testsuite> <!-- testng.Notificationpgm -->
