<?xml version="1.0" encoding="UTF-8"?>
<!-- Generated by org.testng.reporters.JUnitReportReporter -->
<testsuite hostname="DESKTOP-QJEFFSO" failures="0" tests="1" name="testng.Parametres" time="0.016" errors="0" timestamp="2023-12-19T12:01:53 IST" skipped="0">
  <testcase classname="testng.Parametres" name="main" time="0.016"/>
  <system-out/>
</testsuite> <!-- testng.Parametres -->
