<?xml version="1.0" encoding="UTF-8"?>
<!-- Generated by org.testng.reporters.JUnitReportReporter -->
<testsuite hostname="DESKTOP-QJEFFSO" failures="0" tests="3" name="testng.Crossbrowser" time="27.852" errors="0" timestamp="2023-12-20T11:39:38 IST" skipped="0">
  <testcase classname="testng.Crossbrowser" name="openurl" time="4.419"/>
  <system-out/>
  <testcase classname="testng.Crossbrowser" name="openurl" time="15.834"/>
  <system-out/>
  <testcase classname="testng.Crossbrowser" name="openurl" time="7.599"/>
  <system-out/>
</testsuite> <!-- testng.Crossbrowser -->
