<?xml version="1.0" encoding="UTF-8"?>
<!-- Generated by org.testng.reporters.JUnitReportReporter -->
<testsuite hostname="DESKTOP-QJEFFSO" failures="0" tests="1" name="testng.Autoit" time="7.979" errors="0" timestamp="2023-12-28T16:32:53 IST" skipped="0">
  <testcase classname="testng.Autoit" name="test1" time="7.979"/>
  <system-out/>
</testsuite> <!-- testng.Autoit -->
