<?xml version="1.0" encoding="UTF-8"?>
<!-- Generated by org.testng.reporters.JUnitReportReporter -->
<testsuite hostname="DESKTOP-QJEFFSO" failures="0" tests="1" name="testngassignment.Rishiherbal" time="23.920" errors="0" timestamp="2024-01-02T09:40:37 IST" skipped="0">
  <testcase classname="testngassignment.Rishiherbal" name="main" time="23.920"/>
  <system-out/>
</testsuite> <!-- testngassignment.Rishiherbal -->
