<?xml version="1.0" encoding="UTF-8"?>
<!-- Generated by org.testng.reporters.JUnitReportReporter -->
<testsuite hostname="DESKTOP-QJEFFSO" failures="0" tests="1" name="test.FBlogintest3" time="6.534" errors="0" timestamp="2024-01-05T13:11:04 IST" skipped="0">
  <testcase classname="test.FBlogintest3" name="testlogin" time="6.534"/>
  <system-out/>
</testsuite> <!-- test.FBlogintest3 -->
