<?xml version="1.0" encoding="UTF-8"?>
<!-- Generated by org.testng.reporters.JUnitReportReporter -->
<testsuite hostname="DESKTOP-QJEFFSO" failures="0" tests="1" name="testng.Ebayelectronics" time="14.805" errors="0" timestamp="2023-12-27T11:26:13 IST" skipped="0">
  <testcase classname="testng.Ebayelectronics" name="test1" time="14.805"/>
  <system-out/>
</testsuite> <!-- testng.Ebayelectronics -->
