<?xml version="1.0" encoding="UTF-8"?>
<!-- Generated by org.testng.reporters.JUnitReportReporter -->
<testsuite hostname="DESKTOP-QJEFFSO" failures="0" tests="1" name="testngassignment.Saucedemodr" time="29.044" errors="0" timestamp="2024-01-03T12:36:30 IST" skipped="0">
  <testcase classname="testngassignment.Saucedemodr" name="main" time="29.044"/>
  <system-out/>
</testsuite> <!-- testngassignment.Saucedemodr -->
